<?xml version="1.0" encoding="UTF-8" standalone="no"?>
<!DOCTYPE log SYSTEM "logger.dtd">
<log>
<record>
  <date>2021-01-30T10:13:23</date>
  <millis>1611976403458</millis>
  <sequence>0</sequence>
  <level>START</level>
  <class>com.kms.katalon.core.logging.XmlKeywordLogger</class>
  <method>startSuite</method>
  <thread>1</thread>
  <message>Start Test Suite : Test Suites/FindAreaBigC</message>
  <nestedLevel>0</nestedLevel>
  <escapedJava>false</escapedJava>
  <property name="name">FindAreaBigC</property>
  <property name="description"></property>
  <property name="id">Test Suites/FindAreaBigC</property>
  <property name="stopImmediately">false</property>
</record>
<record>
  <date>2021-01-30T10:13:23</date>
  <millis>1611976403472</millis>
  <sequence>1</sequence>
  <level>RUN_DATA</level>
  <class>com.kms.katalon.core.logging.XmlKeywordLogger</class>
  <method>logMessage</method>
  <thread>1</thread>
  <message>hostName = PNV - SGH649TX82.kms.com.vn</message>
  <nestedLevel>0</nestedLevel>
  <escapedJava>false</escapedJava>
  <property name="hostName">PNV - SGH649TX82.kms.com.vn</property>
</record>
<record>
  <date>2021-01-30T10:13:23</date>
  <millis>1611976403472</millis>
  <sequence>2</sequence>
  <level>RUN_DATA</level>
  <class>com.kms.katalon.core.logging.XmlKeywordLogger</class>
  <method>logMessage</method>
  <thread>1</thread>
  <message>os = Windows 10 64bit</message>
  <nestedLevel>0</nestedLevel>
  <escapedJava>false</escapedJava>
  <property name="os">Windows 10 64bit</property>
</record>
<record>
  <date>2021-01-30T10:13:23</date>
  <millis>1611976403473</millis>
  <sequence>3</sequence>
  <level>RUN_DATA</level>
  <class>com.kms.katalon.core.logging.XmlKeywordLogger</class>
  <method>logMessage</method>
  <thread>1</thread>
  <message>hostAddress = 192.168.182.15</message>
  <nestedLevel>0</nestedLevel>
  <escapedJava>false</escapedJava>
  <property name="hostAddress">192.168.182.15</property>
</record>
<record>
  <date>2021-01-30T10:13:23</date>
  <millis>1611976403474</millis>
  <sequence>4</sequence>
  <level>RUN_DATA</level>
  <class>com.kms.katalon.core.logging.XmlKeywordLogger</class>
  <method>logMessage</method>
  <thread>1</thread>
  <message>katalonVersion = 7.8.1.208</message>
  <nestedLevel>0</nestedLevel>
  <escapedJava>false</escapedJava>
  <property name="katalonVersion">7.8.1.208</property>
</record>
<record>
  <date>2021-01-30T10:13:24</date>
  <millis>1611976404255</millis>
  <sequence>5</sequence>
  <level>START</level>
  <class>com.kms.katalon.core.logging.XmlKeywordLogger</class>
  <method>startTest</method>
  <thread>1</thread>
  <message>Start Test Case : Test Cases/FindAreaBigC/TestMienBacBigC</message>
  <nestedLevel>1</nestedLevel>
  <escapedJava>false</escapedJava>
  <property name="name">Test Cases/FindAreaBigC/TestMienBacBigC</property>
  <property name="description"></property>
  <property name="id">Test Cases/FindAreaBigC/TestMienBacBigC</property>
  <property name="source">C:\Users\PNV\git\BigC_KatalonGit\BigC_KatalonGit\BigC_KatalonGit\BigC_KatalonGit\Test Cases\FindAreaBigC\TestMienBacBigC.tc</property>
  <property name="tag"></property>
  <property name="isOptional">false</property>
</record>
<record>
  <date>2021-01-30T10:13:24</date>
  <millis>1611976404523</millis>
  <sequence>7</sequence>
  <level>START</level>
  <class>com.kms.katalon.core.logging.XmlKeywordLogger</class>
  <method>startKeyword</method>
  <thread>1</thread>
  <message>Start action : runFeatureFile(&amp;quot;Include/features/FindAreaBigC/MienBacBigC.feature&amp;quot;)</message>
  <nestedLevel>1</nestedLevel>
  <escapedJava>false</escapedJava>
  <property name="startLine">18</property>
  <property name="stepIndex">1</property>
</record>
<record>
  <date>2021-01-30T10:13:24</date>
  <millis>1611976404580</millis>
  <sequence>8</sequence>
  <level>INFO</level>
  <class>com.kms.katalon.core.logging.XmlKeywordLogger</class>
  <method>logMessage</method>
  <thread>1</thread>
  <message>Starting run keyword runFeatureFile: &amp;apos;Include/features/FindAreaBigC/MienBacBigC.feature&amp;apos; and extract report to folder: &amp;apos;C:\Users\PNV\git\BigC_KatalonGit\BigC_KatalonGit\BigC_KatalonGit\BigC_KatalonGit\Reports\20210130_101320\FindAreaBigC\20210130_101320/cucumber_report/1611976404569&amp;apos;...</message>
  <nestedLevel>1</nestedLevel>
  <escapedJava>false</escapedJava>
</record>
<record>
  <date>2021-01-30T10:13:25</date>
  <millis>1611976405166</millis>
  <sequence>10</sequence>
  <level>START</level>
  <class>com.kms.katalon.core.logging.XmlKeywordLogger</class>
  <method>startTest</method>
  <thread>1</thread>
  <message>Start Test Case : SCENARIO Mien Nam</message>
  <nestedLevel>2</nestedLevel>
  <escapedJava>false</escapedJava>
  <property name="BDD_TESTCASE_TYPE">scenario</property>
  <property name="BDD_TESTCASE_DESCRIPTION"></property>
  <property name="BDD_TESTCASE_LINE">14</property>
  <property name="BDD_TESTRUN_UUID">80a45d68-ba95-4ae2-ae1f-40e2486fa6b7</property>
  <property name="BDD_TESTCASE_NAME">Mien Nam</property>
  <property name="BDD_FEATURE_NAME">FindArea</property>
</record>
<record>
  <date>2021-01-30T10:13:25</date>
  <millis>1611976405168</millis>
  <sequence>11</sequence>
  <level>START</level>
  <class>com.kms.katalon.core.logging.XmlKeywordLogger</class>
  <method>startKeyword</method>
  <thread>1</thread>
  <message>Start action : Usser navigate Big C hompage mien bac</message>
  <nestedLevel>2</nestedLevel>
  <escapedJava>false</escapedJava>
  <property name="BDD_STEP_LINE">7</property>
  <property name="BDD_STEP_NAME">Usser navigate Big C hompage mien bac</property>
  <property name="BDD_STEP_KEYWORD">Given </property>
  <property name="BDD_STEP_UUID">875f87e8-cd13-4bb7-84f2-0e97966a1136</property>
</record>
<record>
  <date>2021-01-30T10:13:25</date>
  <millis>1611976405371</millis>
  <sequence>13</sequence>
  <level>INFO</level>
  <class>com.kms.katalon.core.logging.XmlKeywordLogger</class>
  <method>logMessage</method>
  <thread>1</thread>
  <message>Starting &amp;apos;Chrome&amp;apos; driver</message>
  <nestedLevel>2</nestedLevel>
  <escapedJava>false</escapedJava>
</record>
<record>
  <date>2021-01-30T10:13:25</date>
  <millis>1611976405403</millis>
  <sequence>15</sequence>
  <level>INFO</level>
  <class>com.kms.katalon.core.logging.XmlKeywordLogger</class>
  <method>logMessage</method>
  <thread>1</thread>
  <message>Action delay is set to 0 milliseconds</message>
  <nestedLevel>2</nestedLevel>
  <escapedJava>false</escapedJava>
</record>
<record>
  <date>2021-01-30T10:13:27</date>
  <millis>1611976407840</millis>
  <sequence>17</sequence>
  <level>RUN_DATA</level>
  <class>com.kms.katalon.core.logging.XmlKeywordLogger</class>
  <method>logMessage</method>
  <thread>1</thread>
  <message>sessionId = bc6692ed681db0f6d9c2607126f7c69e</message>
  <nestedLevel>2</nestedLevel>
  <escapedJava>false</escapedJava>
  <property name="sessionId">bc6692ed681db0f6d9c2607126f7c69e</property>
</record>
<record>
  <date>2021-01-30T10:13:27</date>
  <millis>1611976407967</millis>
  <sequence>18</sequence>
  <level>RUN_DATA</level>
  <class>com.kms.katalon.core.logging.XmlKeywordLogger</class>
  <method>logMessage</method>
  <thread>1</thread>
  <message>browser = Chrome 88.0.4324.104</message>
  <nestedLevel>2</nestedLevel>
  <escapedJava>false</escapedJava>
  <property name="browser">Chrome 88.0.4324.104</property>
</record>
<record>
  <date>2021-01-30T10:13:27</date>
  <millis>1611976407968</millis>
  <sequence>19</sequence>
  <level>RUN_DATA</level>
  <class>com.kms.katalon.core.logging.XmlKeywordLogger</class>
  <method>logMessage</method>
  <thread>1</thread>
  <message>platform = Windows 10</message>
  <nestedLevel>2</nestedLevel>
  <escapedJava>false</escapedJava>
  <property name="platform">Windows 10</property>
</record>
<record>
  <date>2021-01-30T10:13:27</date>
  <millis>1611976407969</millis>
  <sequence>20</sequence>
  <level>RUN_DATA</level>
  <class>com.kms.katalon.core.logging.XmlKeywordLogger</class>
  <method>logMessage</method>
  <thread>1</thread>
  <message>seleniumVersion = 3.141.59</message>
  <nestedLevel>2</nestedLevel>
  <escapedJava>false</escapedJava>
  <property name="seleniumVersion">3.141.59</property>
</record>
<record>
  <date>2021-01-30T10:13:27</date>
  <millis>1611976407970</millis>
  <sequence>21</sequence>
  <level>RUN_DATA</level>
  <class>com.kms.katalon.core.logging.XmlKeywordLogger</class>
  <method>logMessage</method>
  <thread>1</thread>
  <message>proxyInformation = ProxyInformation { proxyOption=NO_PROXY, proxyServerType=HTTP, username=, password=********, proxyServerAddress=, proxyServerPort=0, executionList=&amp;quot;&amp;quot;, isApplyToDesiredCapabilities=true }</message>
  <nestedLevel>2</nestedLevel>
  <escapedJava>false</escapedJava>
  <property name="proxyInformation">ProxyInformation { proxyOption=NO_PROXY, proxyServerType=HTTP, username=, password=********, proxyServerAddress=, proxyServerPort=0, executionList=&quot;&quot;, isApplyToDesiredCapabilities=true }</property>
</record>
<record>
  <date>2021-01-30T10:13:27</date>
  <millis>1611976407981</millis>
  <sequence>22</sequence>
  <level>PASSED</level>
  <class>com.kms.katalon.core.logging.XmlKeywordLogger</class>
  <method>logMessage</method>
  <thread>1</thread>
  <message>Browser is opened with url: &amp;apos;&amp;apos;</message>
  <nestedLevel>2</nestedLevel>
  <escapedJava>false</escapedJava>
</record>
<record>
  <date>2021-01-30T10:13:31</date>
  <millis>1611976411668</millis>
  <sequence>26</sequence>
  <level>PASSED</level>
  <class>com.kms.katalon.core.logging.XmlKeywordLogger</class>
  <method>logMessage</method>
  <thread>1</thread>
  <message>Navigate to &amp;apos;https://www.bigc.vn/&amp;apos; successfully</message>
  <nestedLevel>2</nestedLevel>
  <escapedJava>false</escapedJava>
</record>
<record>
  <date>2021-01-30T10:13:31</date>
  <millis>1611976411819</millis>
  <sequence>28</sequence>
  <level>PASSED</level>
  <class>com.kms.katalon.core.logging.XmlKeywordLogger</class>
  <method>logMessage</method>
  <thread>1</thread>
  <message>Current window maximized</message>
  <nestedLevel>2</nestedLevel>
  <escapedJava>false</escapedJava>
</record>
<record>
  <date>2021-01-30T10:13:31</date>
  <millis>1611976411826</millis>
  <sequence>29</sequence>
  <level>PASSED</level>
  <class>com.kms.katalon.core.logging.XmlKeywordLogger</class>
  <method>logMessage</method>
  <thread>1</thread>
  <message>Usser navigate Big C hompage mien bac</message>
  <nestedLevel>2</nestedLevel>
  <escapedJava>false</escapedJava>
</record>
<record>
  <date>2021-01-30T10:13:31</date>
  <millis>1611976411827</millis>
  <sequence>30</sequence>
  <level>END</level>
  <class>com.kms.katalon.core.logging.XmlKeywordLogger</class>
  <method>endKeyword</method>
  <thread>1</thread>
  <message>End End action : Usser navigate Big C hompage mien bac</message>
  <nestedLevel>2</nestedLevel>
  <escapedJava>false</escapedJava>
  <property name="BDD_STEP_DURATION">6654559100</property>
  <property name="BDD_STEP_STATUS">passed</property>
</record>
<record>
  <date>2021-01-30T10:13:31</date>
  <millis>1611976411828</millis>
  <sequence>31</sequence>
  <level>START</level>
  <class>com.kms.katalon.core.logging.XmlKeywordLogger</class>
  <method>startKeyword</method>
  <thread>1</thread>
  <message>Start action : Click Find Market button to display mien bac</message>
  <nestedLevel>2</nestedLevel>
  <escapedJava>false</escapedJava>
  <property name="BDD_STEP_LINE">8</property>
  <property name="BDD_STEP_NAME">Click Find Market button to display mien bac</property>
  <property name="BDD_STEP_KEYWORD">When </property>
  <property name="BDD_STEP_UUID">4dfd4c1a-a428-40c5-a31b-ce09f1200245</property>
</record>
<record>
  <date>2021-01-30T10:13:34</date>
  <millis>1611976414233</millis>
  <sequence>40</sequence>
  <level>PASSED</level>
  <class>com.kms.katalon.core.logging.XmlKeywordLogger</class>
  <method>logMessage</method>
  <thread>1</thread>
  <message>Object: &amp;apos;Object Repository/test/Page_Gi lun lun thp  Big C Supercenter/a_Tm siu th&amp;apos; is clicked on</message>
  <nestedLevel>2</nestedLevel>
  <escapedJava>false</escapedJava>
</record>
<record>
  <date>2021-01-30T10:13:34</date>
  <millis>1611976414234</millis>
  <sequence>41</sequence>
  <level>PASSED</level>
  <class>com.kms.katalon.core.logging.XmlKeywordLogger</class>
  <method>logMessage</method>
  <thread>1</thread>
  <message>Click Find Market button to display mien bac</message>
  <nestedLevel>2</nestedLevel>
  <escapedJava>false</escapedJava>
</record>
<record>
  <date>2021-01-30T10:13:34</date>
  <millis>1611976414234</millis>
  <sequence>42</sequence>
  <level>END</level>
  <class>com.kms.katalon.core.logging.XmlKeywordLogger</class>
  <method>endKeyword</method>
  <thread>1</thread>
  <message>End End action : Click Find Market button to display mien bac</message>
  <nestedLevel>2</nestedLevel>
  <escapedJava>false</escapedJava>
  <property name="BDD_STEP_DURATION">2405658300</property>
  <property name="BDD_STEP_STATUS">passed</property>
</record>
<record>
  <date>2021-01-30T10:13:34</date>
  <millis>1611976414235</millis>
  <sequence>43</sequence>
  <level>START</level>
  <class>com.kms.katalon.core.logging.XmlKeywordLogger</class>
  <method>startKeyword</method>
  <thread>1</thread>
  <message>Start action : Click Mien Bac tag</message>
  <nestedLevel>2</nestedLevel>
  <escapedJava>false</escapedJava>
  <property name="BDD_STEP_LINE">9</property>
  <property name="BDD_STEP_NAME">Click Mien Bac tag</property>
  <property name="BDD_STEP_KEYWORD">And </property>
  <property name="BDD_STEP_UUID">fb62ddd4-f739-4d25-9095-d2f10680d88f</property>
</record>
<record>
  <date>2021-01-30T10:13:36</date>
  <millis>1611976416117</millis>
  <sequence>52</sequence>
  <level>PASSED</level>
  <class>com.kms.katalon.core.logging.XmlKeywordLogger</class>
  <method>logMessage</method>
  <thread>1</thread>
  <message>Object: &amp;apos;Object Repository/test/Page_Tm siu th  Tm a ch  Big C Supercenter/a_Min Bc&amp;apos; is clicked on</message>
  <nestedLevel>2</nestedLevel>
  <escapedJava>false</escapedJava>
</record>
<record>
  <date>2021-01-30T10:13:36</date>
  <millis>1611976416118</millis>
  <sequence>53</sequence>
  <level>PASSED</level>
  <class>com.kms.katalon.core.logging.XmlKeywordLogger</class>
  <method>logMessage</method>
  <thread>1</thread>
  <message>Click Mien Bac tag</message>
  <nestedLevel>2</nestedLevel>
  <escapedJava>false</escapedJava>
</record>
<record>
  <date>2021-01-30T10:13:36</date>
  <millis>1611976416118</millis>
  <sequence>54</sequence>
  <level>END</level>
  <class>com.kms.katalon.core.logging.XmlKeywordLogger</class>
  <method>endKeyword</method>
  <thread>1</thread>
  <message>End End action : Click Mien Bac tag</message>
  <nestedLevel>2</nestedLevel>
  <escapedJava>false</escapedJava>
  <property name="BDD_STEP_DURATION">1883349500</property>
  <property name="BDD_STEP_STATUS">passed</property>
</record>
<record>
  <date>2021-01-30T10:13:36</date>
  <millis>1611976416120</millis>
  <sequence>55</sequence>
  <level>START</level>
  <class>com.kms.katalon.core.logging.XmlKeywordLogger</class>
  <method>startKeyword</method>
  <thread>1</thread>
  <message>Start action : I verify Bac Giang Big C BẮC GIANG by Xã Tân Tiến, Thành Phố Bắc Giang, Tỉnh Bắc Giang and Ha Long GO! HẠ LONG by Cột 5, Phường Hồng Hải, Thành phố Hạ Long, Tỉnh Quảng Ninh and Hai Duong Big C HẢI DƯƠNG by Khu TTTM Ngọc Châu, Phường Nhị Châu, TP. Hải Dương, Tỉnh Hải Dương and Hai Phong Big C HẢI PHÒNG by Lô 1/20, Khu Đô Thị Mới Ngã Năm, Sân Bay Cát Bi, Quận Ngô Quyền, TP. Hải Phòng (Ngã Tư Lê Hồng Phong - Nguyễn Bỉnh Khiêm)</message>
  <nestedLevel>2</nestedLevel>
  <escapedJava>false</escapedJava>
  <property name="BDD_STEP_LINE">10</property>
  <property name="BDD_STEP_NAME">I verify Bac Giang Big C BẮC GIANG by Xã Tân Tiến, Thành Phố Bắc Giang, Tỉnh Bắc Giang and Ha Long GO! HẠ LONG by Cột 5, Phường Hồng Hải, Thành phố Hạ Long, Tỉnh Quảng Ninh and Hai Duong Big C HẢI DƯƠNG by Khu TTTM Ngọc Châu, Phường Nhị Châu, TP. Hải Dương, Tỉnh Hải Dương and Hai Phong Big C HẢI PHÒNG by Lô 1/20, Khu Đô Thị Mới Ngã Năm, Sân Bay Cát Bi, Quận Ngô Quyền, TP. Hải Phòng (Ngã Tư Lê Hồng Phong - Nguyễn Bỉnh Khiêm)</property>
  <property name="BDD_STEP_KEYWORD">Then </property>
  <property name="BDD_STEP_UUID">940b613e-df0d-40c6-abde-2c9a85d193a3</property>
</record>
<record>
  <date>2021-01-30T10:13:37</date>
  <millis>1611976417144</millis>
  <sequence>64</sequence>
  <level>PASSED</level>
  <class>com.kms.katalon.core.logging.XmlKeywordLogger</class>
  <method>logMessage</method>
  <thread>1</thread>
  <message>Text of object &amp;apos;Object Repository/test/Page_Tm siu th  Tm a ch  Big C Supercenter/h5_Big C BC GIANG&amp;apos; is: &amp;apos;Big C BẮC GIANG&amp;apos;</message>
  <nestedLevel>2</nestedLevel>
  <escapedJava>false</escapedJava>
</record>
<record>
  <date>2021-01-30T10:13:37</date>
  <millis>1611976417451</millis>
  <sequence>73</sequence>
  <level>PASSED</level>
  <class>com.kms.katalon.core.logging.XmlKeywordLogger</class>
  <method>logMessage</method>
  <thread>1</thread>
  <message>Text of object &amp;apos;Object Repository/test/Page_Tm siu th  Tm a ch  Big C Supercenter/p_X Tn Tin, Thnh Ph Bc Giang, Tnh Bc Giang&amp;apos; is: &amp;apos;Xã Tân Tiến, Thành Phố Bắc Giang, Tỉnh Bắc Giang&amp;apos;</message>
  <nestedLevel>2</nestedLevel>
  <escapedJava>false</escapedJava>
</record>
<record>
  <date>2021-01-30T10:13:37</date>
  <millis>1611976417739</millis>
  <sequence>82</sequence>
  <level>PASSED</level>
  <class>com.kms.katalon.core.logging.XmlKeywordLogger</class>
  <method>logMessage</method>
  <thread>1</thread>
  <message>Text of object &amp;apos;Object Repository/test/Page_Tm siu th  Tm a ch  Big C Supercenter/h5_GO H LONG&amp;apos; is: &amp;apos;GO! HẠ LONG&amp;apos;</message>
  <nestedLevel>2</nestedLevel>
  <escapedJava>false</escapedJava>
</record>
<record>
  <date>2021-01-30T10:13:38</date>
  <millis>1611976418034</millis>
  <sequence>91</sequence>
  <level>PASSED</level>
  <class>com.kms.katalon.core.logging.XmlKeywordLogger</class>
  <method>logMessage</method>
  <thread>1</thread>
  <message>Text of object &amp;apos;Object Repository/test/Page_Tm siu th  Tm a ch  Big C Supercenter/p_Ct 5, Phng Hng Hi, Thnh ph H Long, Tnh Qung Ninh&amp;apos; is: &amp;apos;Cột 5, Phường Hồng Hải, Thành phố Hạ Long, Tỉnh Quảng Ninh&amp;apos;</message>
  <nestedLevel>2</nestedLevel>
  <escapedJava>false</escapedJava>
</record>
<record>
  <date>2021-01-30T10:13:38</date>
  <millis>1611976418329</millis>
  <sequence>100</sequence>
  <level>PASSED</level>
  <class>com.kms.katalon.core.logging.XmlKeywordLogger</class>
  <method>logMessage</method>
  <thread>1</thread>
  <message>Text of object &amp;apos;Object Repository/test/Page_Tm siu th  Tm a ch  Big C Supercenter/h5_Big C HI DNG&amp;apos; is: &amp;apos;Big C HẢI DƯƠNG&amp;apos;</message>
  <nestedLevel>2</nestedLevel>
  <escapedJava>false</escapedJava>
</record>
<record>
  <date>2021-01-30T10:13:38</date>
  <millis>1611976418612</millis>
  <sequence>109</sequence>
  <level>PASSED</level>
  <class>com.kms.katalon.core.logging.XmlKeywordLogger</class>
  <method>logMessage</method>
  <thread>1</thread>
  <message>Text of object &amp;apos;Object Repository/test/Page_Tm siu th  Tm a ch  Big C Supercenter/p_Khu TTTM Ngc Chu, Phng Nh Chu, TP. Hi Dng_7c3686&amp;apos; is: &amp;apos;Khu TTTM Ngọc Châu, Phường Nhị Châu, TP. Hải Dương, Tỉnh Hải Dương&amp;apos;</message>
  <nestedLevel>2</nestedLevel>
  <escapedJava>false</escapedJava>
</record>
<record>
  <date>2021-01-30T10:13:38</date>
  <millis>1611976418898</millis>
  <sequence>118</sequence>
  <level>PASSED</level>
  <class>com.kms.katalon.core.logging.XmlKeywordLogger</class>
  <method>logMessage</method>
  <thread>1</thread>
  <message>Text of object &amp;apos;Object Repository/test/Page_Tm siu th  Tm a ch  Big C Supercenter/h5_Big C HI PHNG&amp;apos; is: &amp;apos;Big C HẢI PHÒNG&amp;apos;</message>
  <nestedLevel>2</nestedLevel>
  <escapedJava>false</escapedJava>
</record>
<record>
  <date>2021-01-30T10:13:39</date>
  <millis>1611976419197</millis>
  <sequence>127</sequence>
  <level>PASSED</level>
  <class>com.kms.katalon.core.logging.XmlKeywordLogger</class>
  <method>logMessage</method>
  <thread>1</thread>
  <message>Text of object &amp;apos;Object Repository/test/Page_Tm siu th  Tm a ch  Big C Supercenter/p_L 120, Khu  Th Mi Ng Nm, Sn Bay Ct Bi, Qu_f59268&amp;apos; is: &amp;apos;Lô 1/20, Khu Đô Thị Mới Ngã Năm, Sân Bay Cát Bi, Quận Ngô Quyền, TP. Hải Phòng (Ngã Tư Lê Hồng Phong - Nguyễn Bỉnh Khiêm)&amp;apos;</message>
  <nestedLevel>2</nestedLevel>
  <escapedJava>false</escapedJava>
</record>
<record>
  <date>2021-01-30T10:13:40</date>
  <millis>1611976420313</millis>
  <sequence>129</sequence>
  <level>PASSED</level>
  <class>com.kms.katalon.core.logging.XmlKeywordLogger</class>
  <method>logMessage</method>
  <thread>1</thread>
  <message>Browser is closed</message>
  <nestedLevel>2</nestedLevel>
  <escapedJava>false</escapedJava>
</record>
<record>
  <date>2021-01-30T10:13:40</date>
  <millis>1611976420313</millis>
  <sequence>130</sequence>
  <level>PASSED</level>
  <class>com.kms.katalon.core.logging.XmlKeywordLogger</class>
  <method>logMessage</method>
  <thread>1</thread>
  <message>I verify Bac Giang Big C BẮC GIANG by Xã Tân Tiến, Thành Phố Bắc Giang, Tỉnh Bắc Giang and Ha Long GO! HẠ LONG by Cột 5, Phường Hồng Hải, Thành phố Hạ Long, Tỉnh Quảng Ninh and Hai Duong Big C HẢI DƯƠNG by Khu TTTM Ngọc Châu, Phường Nhị Châu, TP. Hải Dương, Tỉnh Hải Dương and Hai Phong Big C HẢI PHÒNG by Lô 1/20, Khu Đô Thị Mới Ngã Năm, Sân Bay Cát Bi, Quận Ngô Quyền, TP. Hải Phòng (Ngã Tư Lê Hồng Phong - Nguyễn Bỉnh Khiêm)</message>
  <nestedLevel>2</nestedLevel>
  <escapedJava>false</escapedJava>
</record>
<record>
  <date>2021-01-30T10:13:40</date>
  <millis>1611976420314</millis>
  <sequence>131</sequence>
  <level>END</level>
  <class>com.kms.katalon.core.logging.XmlKeywordLogger</class>
  <method>endKeyword</method>
  <thread>1</thread>
  <message>End End action : I verify Bac Giang Big C BẮC GIANG by Xã Tân Tiến, Thành Phố Bắc Giang, Tỉnh Bắc Giang and Ha Long GO! HẠ LONG by Cột 5, Phường Hồng Hải, Thành phố Hạ Long, Tỉnh Quảng Ninh and Hai Duong Big C HẢI DƯƠNG by Khu TTTM Ngọc Châu, Phường Nhị Châu, TP. Hải Dương, Tỉnh Hải Dương and Hai Phong Big C HẢI PHÒNG by Lô 1/20, Khu Đô Thị Mới Ngã Năm, Sân Bay Cát Bi, Quận Ngô Quyền, TP. Hải Phòng (Ngã Tư Lê Hồng Phong - Nguyễn Bỉnh Khiêm)</message>
  <nestedLevel>2</nestedLevel>
  <escapedJava>false</escapedJava>
  <property name="BDD_STEP_DURATION">4193684000</property>
  <property name="BDD_STEP_STATUS">passed</property>
</record>
<record>
  <date>2021-01-30T10:13:40</date>
  <millis>1611976420316</millis>
  <sequence>132</sequence>
  <level>PASSED</level>
  <class>com.kms.katalon.core.logging.XmlKeywordLogger</class>
  <method>logMessage</method>
  <thread>1</thread>
  <message>SCENARIO Mien Nam</message>
  <nestedLevel>2</nestedLevel>
  <escapedJava>false</escapedJava>
</record>
<record>
  <date>2021-01-30T10:13:40</date>
  <millis>1611976420316</millis>
  <sequence>133</sequence>
  <level>END</level>
  <class>com.kms.katalon.core.logging.XmlKeywordLogger</class>
  <method>endTest</method>
  <thread>1</thread>
  <message>End Test Case : SCENARIO Mien Nam</message>
  <nestedLevel>1</nestedLevel>
  <escapedJava>false</escapedJava>
</record>
<record>
  <date>2021-01-30T10:13:40</date>
  <millis>1611976420413</millis>
  <sequence>134</sequence>
  <level>PASSED</level>
  <class>com.kms.katalon.core.logging.XmlKeywordLogger</class>
  <method>logMessage</method>
  <thread>1</thread>
  <message>Feature file: &amp;apos;Include/features/FindAreaBigC/MienBacBigC.feature&amp;apos; was passed</message>
  <nestedLevel>1</nestedLevel>
  <escapedJava>false</escapedJava>
</record>
<record>
  <date>2021-01-30T10:13:40</date>
  <millis>1611976420413</millis>
  <sequence>135</sequence>
  <level>END</level>
  <class>com.kms.katalon.core.logging.XmlKeywordLogger</class>
  <method>endKeyword</method>
  <thread>1</thread>
  <message>End action : runFeatureFile(&amp;quot;Include/features/FindAreaBigC/MienBacBigC.feature&amp;quot;)</message>
  <nestedLevel>1</nestedLevel>
  <escapedJava>false</escapedJava>
</record>
<record>
  <date>2021-01-30T10:13:40</date>
  <millis>1611976420414</millis>
  <sequence>136</sequence>
  <level>PASSED</level>
  <class>com.kms.katalon.core.logging.XmlKeywordLogger</class>
  <method>logMessage</method>
  <thread>1</thread>
  <message>Test Cases/FindAreaBigC/TestMienBacBigC</message>
  <nestedLevel>1</nestedLevel>
  <escapedJava>false</escapedJava>
</record>
<record>
  <date>2021-01-30T10:13:40</date>
  <millis>1611976420414</millis>
  <sequence>137</sequence>
  <level>END</level>
  <class>com.kms.katalon.core.logging.XmlKeywordLogger</class>
  <method>endTest</method>
  <thread>1</thread>
  <message>End Test Case : Test Cases/FindAreaBigC/TestMienBacBigC</message>
  <nestedLevel>0</nestedLevel>
  <escapedJava>false</escapedJava>
</record>
<record>
  <date>2021-01-30T10:13:40</date>
  <millis>1611976420418</millis>
  <sequence>138</sequence>
  <level>START</level>
  <class>com.kms.katalon.core.logging.XmlKeywordLogger</class>
  <method>startTest</method>
  <thread>1</thread>
  <message>Start Test Case : Test Cases/FindAreaBigC/TestMienNamBigC</message>
  <nestedLevel>1</nestedLevel>
  <escapedJava>false</escapedJava>
  <property name="name">Test Cases/FindAreaBigC/TestMienNamBigC</property>
  <property name="description"></property>
  <property name="id">Test Cases/FindAreaBigC/TestMienNamBigC</property>
  <property name="source">C:\Users\PNV\git\BigC_KatalonGit\BigC_KatalonGit\BigC_KatalonGit\BigC_KatalonGit\Test Cases\FindAreaBigC\TestMienNamBigC.tc</property>
  <property name="tag"></property>
  <property name="isOptional">false</property>
</record>
<record>
  <date>2021-01-30T10:13:40</date>
  <millis>1611976420601</millis>
  <sequence>140</sequence>
  <level>START</level>
  <class>com.kms.katalon.core.logging.XmlKeywordLogger</class>
  <method>startKeyword</method>
  <thread>1</thread>
  <message>Start action : runFeatureFile(&amp;quot;Include/features/FindAreaBigC/MienNamBigC.feature&amp;quot;)</message>
  <nestedLevel>1</nestedLevel>
  <escapedJava>false</escapedJava>
  <property name="startLine">18</property>
  <property name="stepIndex">1</property>
</record>
<record>
  <date>2021-01-30T10:13:40</date>
  <millis>1611976420601</millis>
  <sequence>141</sequence>
  <level>INFO</level>
  <class>com.kms.katalon.core.logging.XmlKeywordLogger</class>
  <method>logMessage</method>
  <thread>1</thread>
  <message>Starting run keyword runFeatureFile: &amp;apos;Include/features/FindAreaBigC/MienNamBigC.feature&amp;apos; and extract report to folder: &amp;apos;C:\Users\PNV\git\BigC_KatalonGit\BigC_KatalonGit\BigC_KatalonGit\BigC_KatalonGit\Reports\20210130_101320\FindAreaBigC\20210130_101320/cucumber_report/1611976420601&amp;apos;...</message>
  <nestedLevel>1</nestedLevel>
  <escapedJava>false</escapedJava>
</record>
<record>
  <date>2021-01-30T10:13:40</date>
  <millis>1611976420757</millis>
  <sequence>143</sequence>
  <level>START</level>
  <class>com.kms.katalon.core.logging.XmlKeywordLogger</class>
  <method>startTest</method>
  <thread>1</thread>
  <message>Start Test Case : SCENARIO Mien Nam</message>
  <nestedLevel>2</nestedLevel>
  <escapedJava>false</escapedJava>
  <property name="BDD_TESTCASE_TYPE">scenario</property>
  <property name="BDD_TESTCASE_DESCRIPTION"></property>
  <property name="BDD_TESTCASE_LINE">14</property>
  <property name="BDD_TESTRUN_UUID">6ae8e3b5-1114-4e9b-9ea3-749706b95650</property>
  <property name="BDD_TESTCASE_NAME">Mien Nam</property>
  <property name="BDD_FEATURE_NAME">FindArea</property>
</record>
<record>
  <date>2021-01-30T10:13:40</date>
  <millis>1611976420758</millis>
  <sequence>144</sequence>
  <level>START</level>
  <class>com.kms.katalon.core.logging.XmlKeywordLogger</class>
  <method>startKeyword</method>
  <thread>1</thread>
  <message>Start action : Usser navigate Big C hompage mien nam</message>
  <nestedLevel>2</nestedLevel>
  <escapedJava>false</escapedJava>
  <property name="BDD_STEP_LINE">7</property>
  <property name="BDD_STEP_NAME">Usser navigate Big C hompage mien nam</property>
  <property name="BDD_STEP_KEYWORD">Given </property>
  <property name="BDD_STEP_UUID">c7621e84-33a4-424c-a1d9-d106c2ad9b30</property>
</record>
<record>
  <date>2021-01-30T10:13:40</date>
  <millis>1611976420766</millis>
  <sequence>146</sequence>
  <level>INFO</level>
  <class>com.kms.katalon.core.logging.XmlKeywordLogger</class>
  <method>logMessage</method>
  <thread>1</thread>
  <message>Starting &amp;apos;Chrome&amp;apos; driver</message>
  <nestedLevel>2</nestedLevel>
  <escapedJava>false</escapedJava>
</record>
<record>
  <date>2021-01-30T10:13:40</date>
  <millis>1611976420768</millis>
  <sequence>148</sequence>
  <level>INFO</level>
  <class>com.kms.katalon.core.logging.XmlKeywordLogger</class>
  <method>logMessage</method>
  <thread>1</thread>
  <message>Action delay is set to 0 milliseconds</message>
  <nestedLevel>2</nestedLevel>
  <escapedJava>false</escapedJava>
</record>
<record>
  <date>2021-01-30T10:13:42</date>
  <millis>1611976422808</millis>
  <sequence>150</sequence>
  <level>RUN_DATA</level>
  <class>com.kms.katalon.core.logging.XmlKeywordLogger</class>
  <method>logMessage</method>
  <thread>1</thread>
  <message>sessionId = 933249c6c2ada22e16e3147df43e436a</message>
  <nestedLevel>2</nestedLevel>
  <escapedJava>false</escapedJava>
  <property name="sessionId">933249c6c2ada22e16e3147df43e436a</property>
</record>
<record>
  <date>2021-01-30T10:13:43</date>
  <millis>1611976423016</millis>
  <sequence>151</sequence>
  <level>RUN_DATA</level>
  <class>com.kms.katalon.core.logging.XmlKeywordLogger</class>
  <method>logMessage</method>
  <thread>1</thread>
  <message>browser = Chrome 88.0.4324.104</message>
  <nestedLevel>2</nestedLevel>
  <escapedJava>false</escapedJava>
  <property name="browser">Chrome 88.0.4324.104</property>
</record>
<record>
  <date>2021-01-30T10:13:43</date>
  <millis>1611976423016</millis>
  <sequence>152</sequence>
  <level>RUN_DATA</level>
  <class>com.kms.katalon.core.logging.XmlKeywordLogger</class>
  <method>logMessage</method>
  <thread>1</thread>
  <message>platform = Windows 10</message>
  <nestedLevel>2</nestedLevel>
  <escapedJava>false</escapedJava>
  <property name="platform">Windows 10</property>
</record>
<record>
  <date>2021-01-30T10:13:43</date>
  <millis>1611976423016</millis>
  <sequence>153</sequence>
  <level>RUN_DATA</level>
  <class>com.kms.katalon.core.logging.XmlKeywordLogger</class>
  <method>logMessage</method>
  <thread>1</thread>
  <message>seleniumVersion = 3.141.59</message>
  <nestedLevel>2</nestedLevel>
  <escapedJava>false</escapedJava>
  <property name="seleniumVersion">3.141.59</property>
</record>
<record>
  <date>2021-01-30T10:13:43</date>
  <millis>1611976423017</millis>
  <sequence>154</sequence>
  <level>RUN_DATA</level>
  <class>com.kms.katalon.core.logging.XmlKeywordLogger</class>
  <method>logMessage</method>
  <thread>1</thread>
  <message>proxyInformation = ProxyInformation { proxyOption=NO_PROXY, proxyServerType=HTTP, username=, password=********, proxyServerAddress=, proxyServerPort=0, executionList=&amp;quot;&amp;quot;, isApplyToDesiredCapabilities=true }</message>
  <nestedLevel>2</nestedLevel>
  <escapedJava>false</escapedJava>
  <property name="proxyInformation">ProxyInformation { proxyOption=NO_PROXY, proxyServerType=HTTP, username=, password=********, proxyServerAddress=, proxyServerPort=0, executionList=&quot;&quot;, isApplyToDesiredCapabilities=true }</property>
</record>
<record>
  <date>2021-01-30T10:13:43</date>
  <millis>1611976423026</millis>
  <sequence>155</sequence>
  <level>PASSED</level>
  <class>com.kms.katalon.core.logging.XmlKeywordLogger</class>
  <method>logMessage</method>
  <thread>1</thread>
  <message>Browser is opened with url: &amp;apos;&amp;apos;</message>
  <nestedLevel>2</nestedLevel>
  <escapedJava>false</escapedJava>
</record>
<record>
  <date>2021-01-30T10:13:46</date>
  <millis>1611976426897</millis>
  <sequence>159</sequence>
  <level>PASSED</level>
  <class>com.kms.katalon.core.logging.XmlKeywordLogger</class>
  <method>logMessage</method>
  <thread>1</thread>
  <message>Navigate to &amp;apos;https://www.bigc.vn/&amp;apos; successfully</message>
  <nestedLevel>2</nestedLevel>
  <escapedJava>false</escapedJava>
</record>
<record>
  <date>2021-01-30T10:13:47</date>
  <millis>1611976427034</millis>
  <sequence>161</sequence>
  <level>PASSED</level>
  <class>com.kms.katalon.core.logging.XmlKeywordLogger</class>
  <method>logMessage</method>
  <thread>1</thread>
  <message>Current window maximized</message>
  <nestedLevel>2</nestedLevel>
  <escapedJava>false</escapedJava>
</record>
<record>
  <date>2021-01-30T10:13:47</date>
  <millis>1611976427034</millis>
  <sequence>162</sequence>
  <level>PASSED</level>
  <class>com.kms.katalon.core.logging.XmlKeywordLogger</class>
  <method>logMessage</method>
  <thread>1</thread>
  <message>Usser navigate Big C hompage mien nam</message>
  <nestedLevel>2</nestedLevel>
  <escapedJava>false</escapedJava>
</record>
<record>
  <date>2021-01-30T10:13:47</date>
  <millis>1611976427035</millis>
  <sequence>163</sequence>
  <level>END</level>
  <class>com.kms.katalon.core.logging.XmlKeywordLogger</class>
  <method>endKeyword</method>
  <thread>1</thread>
  <message>End End action : Usser navigate Big C hompage mien nam</message>
  <nestedLevel>2</nestedLevel>
  <escapedJava>false</escapedJava>
  <property name="BDD_STEP_DURATION">6276078600</property>
  <property name="BDD_STEP_STATUS">passed</property>
</record>
<record>
  <date>2021-01-30T10:13:47</date>
  <millis>1611976427035</millis>
  <sequence>164</sequence>
  <level>START</level>
  <class>com.kms.katalon.core.logging.XmlKeywordLogger</class>
  <method>startKeyword</method>
  <thread>1</thread>
  <message>Start action : Click Find Market button to display mien nam</message>
  <nestedLevel>2</nestedLevel>
  <escapedJava>false</escapedJava>
  <property name="BDD_STEP_LINE">8</property>
  <property name="BDD_STEP_NAME">Click Find Market button to display mien nam</property>
  <property name="BDD_STEP_KEYWORD">And </property>
  <property name="BDD_STEP_UUID">433f4dab-ac65-4a0a-81d9-67311a34b2ee</property>
</record>
<record>
  <date>2021-01-30T10:13:50</date>
  <millis>1611976430158</millis>
  <sequence>173</sequence>
  <level>PASSED</level>
  <class>com.kms.katalon.core.logging.XmlKeywordLogger</class>
  <method>logMessage</method>
  <thread>1</thread>
  <message>Object: &amp;apos;Object Repository/test/Page_Gi lun lun thp  Big C Supercenter/a_Tm siu th&amp;apos; is clicked on</message>
  <nestedLevel>2</nestedLevel>
  <escapedJava>false</escapedJava>
</record>
<record>
  <date>2021-01-30T10:13:50</date>
  <millis>1611976430159</millis>
  <sequence>174</sequence>
  <level>PASSED</level>
  <class>com.kms.katalon.core.logging.XmlKeywordLogger</class>
  <method>logMessage</method>
  <thread>1</thread>
  <message>Click Find Market button to display mien nam</message>
  <nestedLevel>2</nestedLevel>
  <escapedJava>false</escapedJava>
</record>
<record>
  <date>2021-01-30T10:13:50</date>
  <millis>1611976430159</millis>
  <sequence>175</sequence>
  <level>END</level>
  <class>com.kms.katalon.core.logging.XmlKeywordLogger</class>
  <method>endKeyword</method>
  <thread>1</thread>
  <message>End End action : Click Find Market button to display mien nam</message>
  <nestedLevel>2</nestedLevel>
  <escapedJava>false</escapedJava>
  <property name="BDD_STEP_DURATION">3123502400</property>
  <property name="BDD_STEP_STATUS">passed</property>
</record>
<record>
  <date>2021-01-30T10:13:50</date>
  <millis>1611976430160</millis>
  <sequence>176</sequence>
  <level>START</level>
  <class>com.kms.katalon.core.logging.XmlKeywordLogger</class>
  <method>startKeyword</method>
  <thread>1</thread>
  <message>Start action : Click Mien Nam tag</message>
  <nestedLevel>2</nestedLevel>
  <escapedJava>false</escapedJava>
  <property name="BDD_STEP_LINE">9</property>
  <property name="BDD_STEP_NAME">Click Mien Nam tag</property>
  <property name="BDD_STEP_KEYWORD">And </property>
  <property name="BDD_STEP_UUID">343e2c08-7f1a-4410-b088-f756dbb099b4</property>
</record>
<record>
  <date>2021-01-30T10:13:51</date>
  <millis>1611976431579</millis>
  <sequence>185</sequence>
  <level>PASSED</level>
  <class>com.kms.katalon.core.logging.XmlKeywordLogger</class>
  <method>logMessage</method>
  <thread>1</thread>
  <message>Object: &amp;apos;Object Repository/test/Page_Tm siu th  Tm a ch  Big C Supercenter/a_Min Nam&amp;apos; is clicked on</message>
  <nestedLevel>2</nestedLevel>
  <escapedJava>false</escapedJava>
</record>
<record>
  <date>2021-01-30T10:13:51</date>
  <millis>1611976431580</millis>
  <sequence>186</sequence>
  <level>PASSED</level>
  <class>com.kms.katalon.core.logging.XmlKeywordLogger</class>
  <method>logMessage</method>
  <thread>1</thread>
  <message>Click Mien Nam tag</message>
  <nestedLevel>2</nestedLevel>
  <escapedJava>false</escapedJava>
</record>
<record>
  <date>2021-01-30T10:13:51</date>
  <millis>1611976431581</millis>
  <sequence>187</sequence>
  <level>END</level>
  <class>com.kms.katalon.core.logging.XmlKeywordLogger</class>
  <method>endKeyword</method>
  <thread>1</thread>
  <message>End End action : Click Mien Nam tag</message>
  <nestedLevel>2</nestedLevel>
  <escapedJava>false</escapedJava>
  <property name="BDD_STEP_DURATION">1420770500</property>
  <property name="BDD_STEP_STATUS">passed</property>
</record>
<record>
  <date>2021-01-30T10:13:51</date>
  <millis>1611976431582</millis>
  <sequence>188</sequence>
  <level>START</level>
  <class>com.kms.katalon.core.logging.XmlKeywordLogger</class>
  <method>startKeyword</method>
  <thread>1</thread>
  <message>Start action : I verify Binh Duong Big C BÌNH DƯƠNG by Phường Hiệp Thành, TP. Thủ Dầu Một, Tỉnh Bình Dương and DaLat address GO! CẦN THƠ by Lô số 1, Khu Dân Cư Hưng Phú 1, Phường Hưng Phú, Quận Cái Răng, TP. Cần Thơ and Da Lat address Big C ĐÀ LẠT by Quảng trường trung tâm Đà Lạt, Đường Trần Quốc Toản, Phường 1, Thành Phố Đà Lạt and Di An address GO! DĨ AN by Phường Đông Hòa, Thị Xã Dĩ An, Tỉnh Bình Dương and Dong Nai address Big C ĐỒNG NAI by Số 833, Xa lộ Hà Nội, Phường Long Bình Tân, Thành Phố Biên Hòa, Tỉnh Đồng Nai ( Ngã 4 Vũng Tàu)</message>
  <nestedLevel>2</nestedLevel>
  <escapedJava>false</escapedJava>
  <property name="BDD_STEP_LINE">10</property>
  <property name="BDD_STEP_NAME">I verify Binh Duong Big C BÌNH DƯƠNG by Phường Hiệp Thành, TP. Thủ Dầu Một, Tỉnh Bình Dương and DaLat address GO! CẦN THƠ by Lô số 1, Khu Dân Cư Hưng Phú 1, Phường Hưng Phú, Quận Cái Răng, TP. Cần Thơ and Da Lat address Big C ĐÀ LẠT by Quảng trường trung tâm Đà Lạt, Đường Trần Quốc Toản, Phường 1, Thành Phố Đà Lạt and Di An address GO! DĨ AN by Phường Đông Hòa, Thị Xã Dĩ An, Tỉnh Bình Dương and Dong Nai address Big C ĐỒNG NAI by Số 833, Xa lộ Hà Nội, Phường Long Bình Tân, Thành Phố Biên Hòa, Tỉnh Đồng Nai ( Ngã 4 Vũng Tàu)</property>
  <property name="BDD_STEP_KEYWORD">Then </property>
  <property name="BDD_STEP_UUID">0948bc59-e9dc-4ef2-b501-846687115069</property>
</record>
<record>
  <date>2021-01-30T10:13:52</date>
  <millis>1611976432652</millis>
  <sequence>197</sequence>
  <level>PASSED</level>
  <class>com.kms.katalon.core.logging.XmlKeywordLogger</class>
  <method>logMessage</method>
  <thread>1</thread>
  <message>Text of object &amp;apos;Object Repository/test/Page_Tm siu th  Tm a ch  Big C Supercenter/h5_Big C BNH DNG&amp;apos; is: &amp;apos;Big C BÌNH DƯƠNG&amp;apos;</message>
  <nestedLevel>2</nestedLevel>
  <escapedJava>false</escapedJava>
</record>
<record>
  <date>2021-01-30T10:13:52</date>
  <millis>1611976432941</millis>
  <sequence>206</sequence>
  <level>PASSED</level>
  <class>com.kms.katalon.core.logging.XmlKeywordLogger</class>
  <method>logMessage</method>
  <thread>1</thread>
  <message>Text of object &amp;apos;Object Repository/test/Page_Tm siu th  Tm a ch  Big C Supercenter/p_Phng Hip Thnh, TP. Th Du Mt, Tnh Bnh Dng&amp;apos; is: &amp;apos;Phường Hiệp Thành, TP. Thủ Dầu Một, Tỉnh Bình Dương&amp;apos;</message>
  <nestedLevel>2</nestedLevel>
  <escapedJava>false</escapedJava>
</record>
<record>
  <date>2021-01-30T10:13:53</date>
  <millis>1611976433224</millis>
  <sequence>215</sequence>
  <level>PASSED</level>
  <class>com.kms.katalon.core.logging.XmlKeywordLogger</class>
  <method>logMessage</method>
  <thread>1</thread>
  <message>Text of object &amp;apos;Object Repository/test/Page_Tm siu th  Tm a ch  Big C Supercenter/h5_GO CN TH&amp;apos; is: &amp;apos;GO! CẦN THƠ&amp;apos;</message>
  <nestedLevel>2</nestedLevel>
  <escapedJava>false</escapedJava>
</record>
<record>
  <date>2021-01-30T10:13:53</date>
  <millis>1611976433508</millis>
  <sequence>224</sequence>
  <level>PASSED</level>
  <class>com.kms.katalon.core.logging.XmlKeywordLogger</class>
  <method>logMessage</method>
  <thread>1</thread>
  <message>Text of object &amp;apos;Object Repository/test/Page_Tm siu th  Tm a ch  Big C Supercenter/p_L s 1, Khu Dn C Hng Ph 1, Phng Hng Ph, Qu_73f97c&amp;apos; is: &amp;apos;Lô số 1, Khu Dân Cư Hưng Phú 1, Phường Hưng Phú, Quận Cái Răng, TP. Cần Thơ&amp;apos;</message>
  <nestedLevel>2</nestedLevel>
  <escapedJava>false</escapedJava>
</record>
<record>
  <date>2021-01-30T10:13:53</date>
  <millis>1611976433792</millis>
  <sequence>233</sequence>
  <level>PASSED</level>
  <class>com.kms.katalon.core.logging.XmlKeywordLogger</class>
  <method>logMessage</method>
  <thread>1</thread>
  <message>Text of object &amp;apos;Object Repository/test/Page_Tm siu th  Tm a ch  Big C Supercenter/h5_Big C  LT&amp;apos; is: &amp;apos;Big C ĐÀ LẠT&amp;apos;</message>
  <nestedLevel>2</nestedLevel>
  <escapedJava>false</escapedJava>
</record>
<record>
  <date>2021-01-30T10:13:54</date>
  <millis>1611976434080</millis>
  <sequence>242</sequence>
  <level>PASSED</level>
  <class>com.kms.katalon.core.logging.XmlKeywordLogger</class>
  <method>logMessage</method>
  <thread>1</thread>
  <message>Text of object &amp;apos;Object Repository/test/Page_Tm siu th  Tm a ch  Big C Supercenter/p_Qung trng trung tm  Lt, ng Trn Quc Ton, P_652dc8&amp;apos; is: &amp;apos;Quảng trường trung tâm Đà Lạt, Đường Trần Quốc Toản, Phường 1, Thành Phố Đà Lạt&amp;apos;</message>
  <nestedLevel>2</nestedLevel>
  <escapedJava>false</escapedJava>
</record>
<record>
  <date>2021-01-30T10:13:54</date>
  <millis>1611976434371</millis>
  <sequence>251</sequence>
  <level>PASSED</level>
  <class>com.kms.katalon.core.logging.XmlKeywordLogger</class>
  <method>logMessage</method>
  <thread>1</thread>
  <message>Text of object &amp;apos;Object Repository/test/Page_Tm siu th  Tm a ch  Big C Supercenter/h5_GO D AN&amp;apos; is: &amp;apos;GO! DĨ AN&amp;apos;</message>
  <nestedLevel>2</nestedLevel>
  <escapedJava>false</escapedJava>
</record>
<record>
  <date>2021-01-30T10:13:54</date>
  <millis>1611976434657</millis>
  <sequence>260</sequence>
  <level>PASSED</level>
  <class>com.kms.katalon.core.logging.XmlKeywordLogger</class>
  <method>logMessage</method>
  <thread>1</thread>
  <message>Text of object &amp;apos;Object Repository/test/Page_Tm siu th  Tm a ch  Big C Supercenter/p_Phng ng Ha, Th X D An, Tnh Bnh Dng&amp;apos; is: &amp;apos;Phường Đông Hòa, Thị Xã Dĩ An, Tỉnh Bình Dương&amp;apos;</message>
  <nestedLevel>2</nestedLevel>
  <escapedJava>false</escapedJava>
</record>
<record>
  <date>2021-01-30T10:13:54</date>
  <millis>1611976434940</millis>
  <sequence>269</sequence>
  <level>PASSED</level>
  <class>com.kms.katalon.core.logging.XmlKeywordLogger</class>
  <method>logMessage</method>
  <thread>1</thread>
  <message>Text of object &amp;apos;Object Repository/test/Page_Tm siu th  Tm a ch  Big C Supercenter/h5_Big C NG NAI&amp;apos; is: &amp;apos;Big C ĐỒNG NAI&amp;apos;</message>
  <nestedLevel>2</nestedLevel>
  <escapedJava>false</escapedJava>
</record>
<record>
  <date>2021-01-30T10:13:55</date>
  <millis>1611976435223</millis>
  <sequence>278</sequence>
  <level>PASSED</level>
  <class>com.kms.katalon.core.logging.XmlKeywordLogger</class>
  <method>logMessage</method>
  <thread>1</thread>
  <message>Text of object &amp;apos;Object Repository/test/Page_Tm siu th  Tm a ch  Big C Supercenter/p_S 833, Xa l H Ni, Phng Long Bnh Tn, Thnh _ca2d99&amp;apos; is: &amp;apos;Số 833, Xa lộ Hà Nội, Phường Long Bình Tân, Thành Phố Biên Hòa, Tỉnh Đồng Nai ( Ngã 4 Vũng Tàu)&amp;apos;</message>
  <nestedLevel>2</nestedLevel>
  <escapedJava>false</escapedJava>
</record>
<record>
  <date>2021-01-30T10:13:56</date>
  <millis>1611976436027</millis>
  <sequence>280</sequence>
  <level>PASSED</level>
  <class>com.kms.katalon.core.logging.XmlKeywordLogger</class>
  <method>logMessage</method>
  <thread>1</thread>
  <message>Browser is closed</message>
  <nestedLevel>2</nestedLevel>
  <escapedJava>false</escapedJava>
</record>
<record>
  <date>2021-01-30T10:13:56</date>
  <millis>1611976436028</millis>
  <sequence>281</sequence>
  <level>PASSED</level>
  <class>com.kms.katalon.core.logging.XmlKeywordLogger</class>
  <method>logMessage</method>
  <thread>1</thread>
  <message>I verify Binh Duong Big C BÌNH DƯƠNG by Phường Hiệp Thành, TP. Thủ Dầu Một, Tỉnh Bình Dương and DaLat address GO! CẦN THƠ by Lô số 1, Khu Dân Cư Hưng Phú 1, Phường Hưng Phú, Quận Cái Răng, TP. Cần Thơ and Da Lat address Big C ĐÀ LẠT by Quảng trường trung tâm Đà Lạt, Đường Trần Quốc Toản, Phường 1, Thành Phố Đà Lạt and Di An address GO! DĨ AN by Phường Đông Hòa, Thị Xã Dĩ An, Tỉnh Bình Dương and Dong Nai address Big C ĐỒNG NAI by Số 833, Xa lộ Hà Nội, Phường Long Bình Tân, Thành Phố Biên Hòa, Tỉnh Đồng Nai ( Ngã 4 Vũng Tàu)</message>
  <nestedLevel>2</nestedLevel>
  <escapedJava>false</escapedJava>
</record>
<record>
  <date>2021-01-30T10:13:56</date>
  <millis>1611976436028</millis>
  <sequence>282</sequence>
  <level>END</level>
  <class>com.kms.katalon.core.logging.XmlKeywordLogger</class>
  <method>endKeyword</method>
  <thread>1</thread>
  <message>End End action : I verify Binh Duong Big C BÌNH DƯƠNG by Phường Hiệp Thành, TP. Thủ Dầu Một, Tỉnh Bình Dương and DaLat address GO! CẦN THƠ by Lô số 1, Khu Dân Cư Hưng Phú 1, Phường Hưng Phú, Quận Cái Răng, TP. Cần Thơ and Da Lat address Big C ĐÀ LẠT by Quảng trường trung tâm Đà Lạt, Đường Trần Quốc Toản, Phường 1, Thành Phố Đà Lạt and Di An address GO! DĨ AN by Phường Đông Hòa, Thị Xã Dĩ An, Tỉnh Bình Dương and Dong Nai address Big C ĐỒNG NAI by Số 833, Xa lộ Hà Nội, Phường Long Bình Tân, Thành Phố Biên Hòa, Tỉnh Đồng Nai ( Ngã 4 Vũng Tàu)</message>
  <nestedLevel>2</nestedLevel>
  <escapedJava>false</escapedJava>
  <property name="BDD_STEP_DURATION">4445212900</property>
  <property name="BDD_STEP_STATUS">passed</property>
</record>
<record>
  <date>2021-01-30T10:13:56</date>
  <millis>1611976436028</millis>
  <sequence>283</sequence>
  <level>PASSED</level>
  <class>com.kms.katalon.core.logging.XmlKeywordLogger</class>
  <method>logMessage</method>
  <thread>1</thread>
  <message>SCENARIO Mien Nam</message>
  <nestedLevel>2</nestedLevel>
  <escapedJava>false</escapedJava>
</record>
<record>
  <date>2021-01-30T10:13:56</date>
  <millis>1611976436028</millis>
  <sequence>284</sequence>
  <level>END</level>
  <class>com.kms.katalon.core.logging.XmlKeywordLogger</class>
  <method>endTest</method>
  <thread>1</thread>
  <message>End Test Case : SCENARIO Mien Nam</message>
  <nestedLevel>1</nestedLevel>
  <escapedJava>false</escapedJava>
</record>
<record>
  <date>2021-01-30T10:13:56</date>
  <millis>1611976436092</millis>
  <sequence>285</sequence>
  <level>PASSED</level>
  <class>com.kms.katalon.core.logging.XmlKeywordLogger</class>
  <method>logMessage</method>
  <thread>1</thread>
  <message>Feature file: &amp;apos;Include/features/FindAreaBigC/MienNamBigC.feature&amp;apos; was passed</message>
  <nestedLevel>1</nestedLevel>
  <escapedJava>false</escapedJava>
</record>
<record>
  <date>2021-01-30T10:13:56</date>
  <millis>1611976436092</millis>
  <sequence>286</sequence>
  <level>END</level>
  <class>com.kms.katalon.core.logging.XmlKeywordLogger</class>
  <method>endKeyword</method>
  <thread>1</thread>
  <message>End action : runFeatureFile(&amp;quot;Include/features/FindAreaBigC/MienNamBigC.feature&amp;quot;)</message>
  <nestedLevel>1</nestedLevel>
  <escapedJava>false</escapedJava>
</record>
<record>
  <date>2021-01-30T10:13:56</date>
  <millis>1611976436092</millis>
  <sequence>287</sequence>
  <level>PASSED</level>
  <class>com.kms.katalon.core.logging.XmlKeywordLogger</class>
  <method>logMessage</method>
  <thread>1</thread>
  <message>Test Cases/FindAreaBigC/TestMienNamBigC</message>
  <nestedLevel>1</nestedLevel>
  <escapedJava>false</escapedJava>
</record>
<record>
  <date>2021-01-30T10:13:56</date>
  <millis>1611976436093</millis>
  <sequence>288</sequence>
  <level>END</level>
  <class>com.kms.katalon.core.logging.XmlKeywordLogger</class>
  <method>endTest</method>
  <thread>1</thread>
  <message>End Test Case : Test Cases/FindAreaBigC/TestMienNamBigC</message>
  <nestedLevel>0</nestedLevel>
  <escapedJava>false</escapedJava>
</record>
<record>
  <date>2021-01-30T10:13:56</date>
  <millis>1611976436094</millis>
  <sequence>289</sequence>
  <level>START</level>
  <class>com.kms.katalon.core.logging.XmlKeywordLogger</class>
  <method>startTest</method>
  <thread>1</thread>
  <message>Start Test Case : Test Cases/FindAreaBigC/TestMienTrungBigC</message>
  <nestedLevel>1</nestedLevel>
  <escapedJava>false</escapedJava>
  <property name="name">Test Cases/FindAreaBigC/TestMienTrungBigC</property>
  <property name="description"></property>
  <property name="id">Test Cases/FindAreaBigC/TestMienTrungBigC</property>
  <property name="source">C:\Users\PNV\git\BigC_KatalonGit\BigC_KatalonGit\BigC_KatalonGit\BigC_KatalonGit\Test Cases\FindAreaBigC\TestMienTrungBigC.tc</property>
  <property name="tag"></property>
  <property name="isOptional">false</property>
</record>
<record>
  <date>2021-01-30T10:13:56</date>
  <millis>1611976436258</millis>
  <sequence>291</sequence>
  <level>START</level>
  <class>com.kms.katalon.core.logging.XmlKeywordLogger</class>
  <method>startKeyword</method>
  <thread>1</thread>
  <message>Start action : runFeatureFile(&amp;quot;Include/features/FindAreaBigC/MienTrungBigC.feature&amp;quot;)</message>
  <nestedLevel>1</nestedLevel>
  <escapedJava>false</escapedJava>
  <property name="startLine">18</property>
  <property name="stepIndex">1</property>
</record>
<record>
  <date>2021-01-30T10:13:56</date>
  <millis>1611976436259</millis>
  <sequence>292</sequence>
  <level>INFO</level>
  <class>com.kms.katalon.core.logging.XmlKeywordLogger</class>
  <method>logMessage</method>
  <thread>1</thread>
  <message>Starting run keyword runFeatureFile: &amp;apos;Include/features/FindAreaBigC/MienTrungBigC.feature&amp;apos; and extract report to folder: &amp;apos;C:\Users\PNV\git\BigC_KatalonGit\BigC_KatalonGit\BigC_KatalonGit\BigC_KatalonGit\Reports\20210130_101320\FindAreaBigC\20210130_101320/cucumber_report/1611976436259&amp;apos;...</message>
  <nestedLevel>1</nestedLevel>
  <escapedJava>false</escapedJava>
</record>
<record>
  <date>2021-01-30T10:13:56</date>
  <millis>1611976436405</millis>
  <sequence>294</sequence>
  <level>START</level>
  <class>com.kms.katalon.core.logging.XmlKeywordLogger</class>
  <method>startTest</method>
  <thread>1</thread>
  <message>Start Test Case : SCENARIO Mien Trung</message>
  <nestedLevel>2</nestedLevel>
  <escapedJava>false</escapedJava>
  <property name="BDD_TESTCASE_TYPE">scenario</property>
  <property name="BDD_TESTCASE_DESCRIPTION"></property>
  <property name="BDD_TESTCASE_LINE">16</property>
  <property name="BDD_TESTRUN_UUID">d90f3b74-af28-4efb-93bc-6bcb87156fc5</property>
  <property name="BDD_TESTCASE_NAME">Mien Trung</property>
  <property name="BDD_FEATURE_NAME">FindArea</property>
</record>
<record>
  <date>2021-01-30T10:13:56</date>
  <millis>1611976436406</millis>
  <sequence>295</sequence>
  <level>START</level>
  <class>com.kms.katalon.core.logging.XmlKeywordLogger</class>
  <method>startKeyword</method>
  <thread>1</thread>
  <message>Start action : Usser navigate Big C hompage mien trung</message>
  <nestedLevel>2</nestedLevel>
  <escapedJava>false</escapedJava>
  <property name="BDD_STEP_LINE">8</property>
  <property name="BDD_STEP_NAME">Usser navigate Big C hompage mien trung</property>
  <property name="BDD_STEP_KEYWORD">Given </property>
  <property name="BDD_STEP_UUID">fe988468-7352-4fb7-a84e-8a26d04e8a1e</property>
</record>
<record>
  <date>2021-01-30T10:13:56</date>
  <millis>1611976436407</millis>
  <sequence>297</sequence>
  <level>INFO</level>
  <class>com.kms.katalon.core.logging.XmlKeywordLogger</class>
  <method>logMessage</method>
  <thread>1</thread>
  <message>Starting &amp;apos;Chrome&amp;apos; driver</message>
  <nestedLevel>2</nestedLevel>
  <escapedJava>false</escapedJava>
</record>
<record>
  <date>2021-01-30T10:13:56</date>
  <millis>1611976436417</millis>
  <sequence>299</sequence>
  <level>INFO</level>
  <class>com.kms.katalon.core.logging.XmlKeywordLogger</class>
  <method>logMessage</method>
  <thread>1</thread>
  <message>Action delay is set to 0 milliseconds</message>
  <nestedLevel>2</nestedLevel>
  <escapedJava>false</escapedJava>
</record>
<record>
  <date>2021-01-30T10:13:58</date>
  <millis>1611976438452</millis>
  <sequence>301</sequence>
  <level>RUN_DATA</level>
  <class>com.kms.katalon.core.logging.XmlKeywordLogger</class>
  <method>logMessage</method>
  <thread>1</thread>
  <message>sessionId = 5fa75fa22cf3a6fc5ff3dba650b994f8</message>
  <nestedLevel>2</nestedLevel>
  <escapedJava>false</escapedJava>
  <property name="sessionId">5fa75fa22cf3a6fc5ff3dba650b994f8</property>
</record>
<record>
  <date>2021-01-30T10:13:58</date>
  <millis>1611976438672</millis>
  <sequence>302</sequence>
  <level>RUN_DATA</level>
  <class>com.kms.katalon.core.logging.XmlKeywordLogger</class>
  <method>logMessage</method>
  <thread>1</thread>
  <message>browser = Chrome 88.0.4324.104</message>
  <nestedLevel>2</nestedLevel>
  <escapedJava>false</escapedJava>
  <property name="browser">Chrome 88.0.4324.104</property>
</record>
<record>
  <date>2021-01-30T10:13:58</date>
  <millis>1611976438673</millis>
  <sequence>303</sequence>
  <level>RUN_DATA</level>
  <class>com.kms.katalon.core.logging.XmlKeywordLogger</class>
  <method>logMessage</method>
  <thread>1</thread>
  <message>platform = Windows 10</message>
  <nestedLevel>2</nestedLevel>
  <escapedJava>false</escapedJava>
  <property name="platform">Windows 10</property>
</record>
<record>
  <date>2021-01-30T10:13:58</date>
  <millis>1611976438675</millis>
  <sequence>304</sequence>
  <level>RUN_DATA</level>
  <class>com.kms.katalon.core.logging.XmlKeywordLogger</class>
  <method>logMessage</method>
  <thread>1</thread>
  <message>seleniumVersion = 3.141.59</message>
  <nestedLevel>2</nestedLevel>
  <escapedJava>false</escapedJava>
  <property name="seleniumVersion">3.141.59</property>
</record>
<record>
  <date>2021-01-30T10:13:58</date>
  <millis>1611976438675</millis>
  <sequence>305</sequence>
  <level>RUN_DATA</level>
  <class>com.kms.katalon.core.logging.XmlKeywordLogger</class>
  <method>logMessage</method>
  <thread>1</thread>
  <message>proxyInformation = ProxyInformation { proxyOption=NO_PROXY, proxyServerType=HTTP, username=, password=********, proxyServerAddress=, proxyServerPort=0, executionList=&amp;quot;&amp;quot;, isApplyToDesiredCapabilities=true }</message>
  <nestedLevel>2</nestedLevel>
  <escapedJava>false</escapedJava>
  <property name="proxyInformation">ProxyInformation { proxyOption=NO_PROXY, proxyServerType=HTTP, username=, password=********, proxyServerAddress=, proxyServerPort=0, executionList=&quot;&quot;, isApplyToDesiredCapabilities=true }</property>
</record>
<record>
  <date>2021-01-30T10:13:58</date>
  <millis>1611976438684</millis>
  <sequence>306</sequence>
  <level>PASSED</level>
  <class>com.kms.katalon.core.logging.XmlKeywordLogger</class>
  <method>logMessage</method>
  <thread>1</thread>
  <message>Browser is opened with url: &amp;apos;&amp;apos;</message>
  <nestedLevel>2</nestedLevel>
  <escapedJava>false</escapedJava>
</record>
<record>
  <date>2021-01-30T10:14:02</date>
  <millis>1611976442312</millis>
  <sequence>310</sequence>
  <level>PASSED</level>
  <class>com.kms.katalon.core.logging.XmlKeywordLogger</class>
  <method>logMessage</method>
  <thread>1</thread>
  <message>Navigate to &amp;apos;https://www.bigc.vn/&amp;apos; successfully</message>
  <nestedLevel>2</nestedLevel>
  <escapedJava>false</escapedJava>
</record>
<record>
  <date>2021-01-30T10:14:02</date>
  <millis>1611976442462</millis>
  <sequence>312</sequence>
  <level>PASSED</level>
  <class>com.kms.katalon.core.logging.XmlKeywordLogger</class>
  <method>logMessage</method>
  <thread>1</thread>
  <message>Current window maximized</message>
  <nestedLevel>2</nestedLevel>
  <escapedJava>false</escapedJava>
</record>
<record>
  <date>2021-01-30T10:14:02</date>
  <millis>1611976442463</millis>
  <sequence>313</sequence>
  <level>PASSED</level>
  <class>com.kms.katalon.core.logging.XmlKeywordLogger</class>
  <method>logMessage</method>
  <thread>1</thread>
  <message>Usser navigate Big C hompage mien trung</message>
  <nestedLevel>2</nestedLevel>
  <escapedJava>false</escapedJava>
</record>
<record>
  <date>2021-01-30T10:14:02</date>
  <millis>1611976442463</millis>
  <sequence>314</sequence>
  <level>END</level>
  <class>com.kms.katalon.core.logging.XmlKeywordLogger</class>
  <method>endKeyword</method>
  <thread>1</thread>
  <message>End End action : Usser navigate Big C hompage mien trung</message>
  <nestedLevel>2</nestedLevel>
  <escapedJava>false</escapedJava>
  <property name="BDD_STEP_DURATION">6057235400</property>
  <property name="BDD_STEP_STATUS">passed</property>
</record>
<record>
  <date>2021-01-30T10:14:02</date>
  <millis>1611976442463</millis>
  <sequence>315</sequence>
  <level>START</level>
  <class>com.kms.katalon.core.logging.XmlKeywordLogger</class>
  <method>startKeyword</method>
  <thread>1</thread>
  <message>Start action : Click Find Market button to display mien trung</message>
  <nestedLevel>2</nestedLevel>
  <escapedJava>false</escapedJava>
  <property name="BDD_STEP_LINE">9</property>
  <property name="BDD_STEP_NAME">Click Find Market button to display mien trung</property>
  <property name="BDD_STEP_KEYWORD">Then </property>
  <property name="BDD_STEP_UUID">07865758-7c67-496c-a8f6-03d4cdb371fa</property>
</record>
<record>
  <date>2021-01-30T10:14:04</date>
  <millis>1611976444912</millis>
  <sequence>324</sequence>
  <level>PASSED</level>
  <class>com.kms.katalon.core.logging.XmlKeywordLogger</class>
  <method>logMessage</method>
  <thread>1</thread>
  <message>Object: &amp;apos;Object Repository/test/Page_Gi lun lun thp  Big C Supercenter/a_Tm siu th&amp;apos; is clicked on</message>
  <nestedLevel>2</nestedLevel>
  <escapedJava>false</escapedJava>
</record>
<record>
  <date>2021-01-30T10:14:04</date>
  <millis>1611976444913</millis>
  <sequence>325</sequence>
  <level>PASSED</level>
  <class>com.kms.katalon.core.logging.XmlKeywordLogger</class>
  <method>logMessage</method>
  <thread>1</thread>
  <message>Click Find Market button to display mien trung</message>
  <nestedLevel>2</nestedLevel>
  <escapedJava>false</escapedJava>
</record>
<record>
  <date>2021-01-30T10:14:04</date>
  <millis>1611976444913</millis>
  <sequence>326</sequence>
  <level>END</level>
  <class>com.kms.katalon.core.logging.XmlKeywordLogger</class>
  <method>endKeyword</method>
  <thread>1</thread>
  <message>End End action : Click Find Market button to display mien trung</message>
  <nestedLevel>2</nestedLevel>
  <escapedJava>false</escapedJava>
  <property name="BDD_STEP_DURATION">2449627000</property>
  <property name="BDD_STEP_STATUS">passed</property>
</record>
<record>
  <date>2021-01-30T10:14:04</date>
  <millis>1611976444914</millis>
  <sequence>327</sequence>
  <level>START</level>
  <class>com.kms.katalon.core.logging.XmlKeywordLogger</class>
  <method>startKeyword</method>
  <thread>1</thread>
  <message>Start action : Click Mien Trung tag</message>
  <nestedLevel>2</nestedLevel>
  <escapedJava>false</escapedJava>
  <property name="BDD_STEP_LINE">10</property>
  <property name="BDD_STEP_NAME">Click Mien Trung tag</property>
  <property name="BDD_STEP_KEYWORD">And </property>
  <property name="BDD_STEP_UUID">afec471c-1d34-4b5f-9896-c05b0d3e4264</property>
</record>
<record>
  <date>2021-01-30T10:14:06</date>
  <millis>1611976446486</millis>
  <sequence>336</sequence>
  <level>PASSED</level>
  <class>com.kms.katalon.core.logging.XmlKeywordLogger</class>
  <method>logMessage</method>
  <thread>1</thread>
  <message>Object: &amp;apos;Object Repository/test/Page_Tm siu th  Tm a ch  Big C Supercenter/a_Min Trung&amp;apos; is clicked on</message>
  <nestedLevel>2</nestedLevel>
  <escapedJava>false</escapedJava>
</record>
<record>
  <date>2021-01-30T10:14:06</date>
  <millis>1611976446487</millis>
  <sequence>337</sequence>
  <level>PASSED</level>
  <class>com.kms.katalon.core.logging.XmlKeywordLogger</class>
  <method>logMessage</method>
  <thread>1</thread>
  <message>Click Mien Trung tag</message>
  <nestedLevel>2</nestedLevel>
  <escapedJava>false</escapedJava>
</record>
<record>
  <date>2021-01-30T10:14:06</date>
  <millis>1611976446487</millis>
  <sequence>338</sequence>
  <level>END</level>
  <class>com.kms.katalon.core.logging.XmlKeywordLogger</class>
  <method>endKeyword</method>
  <thread>1</thread>
  <message>End End action : Click Mien Trung tag</message>
  <nestedLevel>2</nestedLevel>
  <escapedJava>false</escapedJava>
  <property name="BDD_STEP_DURATION">1572544700</property>
  <property name="BDD_STEP_STATUS">passed</property>
</record>
<record>
  <date>2021-01-30T10:14:06</date>
  <millis>1611976446489</millis>
  <sequence>339</sequence>
  <level>START</level>
  <class>com.kms.katalon.core.logging.XmlKeywordLogger</class>
  <method>startKeyword</method>
  <thread>1</thread>
  <message>Start action : I verify Da Nang address Big C ĐÀ NẴNG by Khu thương Mại Vĩnh Trung, 255-257 Hùng Vương, Quận Thanh Khê, TP. Đà Nẵng and Hue address Big C HUẾ by 174 Bà Triệu, Phường Phú Hội, TP. Huế, Tỉnh Thừa Thiên Huế  and Nha Trang address GO! NHA TRANG by Lô số 4, đường 19/5, Khu đô thị Vĩnh Điềm Trung, Xã Vĩnh Hiệp, TP Nha Trang, Tỉnh Khánh Hòa and Quy Nhon address Big C QUY NHƠN by TTTM Kim Cúc, Khu đô thị Xanh Vũng Chua, Phường Ghềnh Ráng, TP. Quy Nhơn, Tỉnh Bình Định in step</message>
  <nestedLevel>2</nestedLevel>
  <escapedJava>false</escapedJava>
  <property name="BDD_STEP_LINE">11</property>
  <property name="BDD_STEP_NAME">I verify Da Nang address Big C ĐÀ NẴNG by Khu thương Mại Vĩnh Trung, 255-257 Hùng Vương, Quận Thanh Khê, TP. Đà Nẵng and Hue address Big C HUẾ by 174 Bà Triệu, Phường Phú Hội, TP. Huế, Tỉnh Thừa Thiên Huế  and Nha Trang address GO! NHA TRANG by Lô số 4, đường 19/5, Khu đô thị Vĩnh Điềm Trung, Xã Vĩnh Hiệp, TP Nha Trang, Tỉnh Khánh Hòa and Quy Nhon address Big C QUY NHƠN by TTTM Kim Cúc, Khu đô thị Xanh Vũng Chua, Phường Ghềnh Ráng, TP. Quy Nhơn, Tỉnh Bình Định in step</property>
  <property name="BDD_STEP_KEYWORD">Then </property>
  <property name="BDD_STEP_UUID">0d64f91f-20ba-43e7-bda7-6397a1d9c595</property>
</record>
<record>
  <date>2021-01-30T10:14:07</date>
  <millis>1611976447471</millis>
  <sequence>348</sequence>
  <level>PASSED</level>
  <class>com.kms.katalon.core.logging.XmlKeywordLogger</class>
  <method>logMessage</method>
  <thread>1</thread>
  <message>Text of object &amp;apos;Object Repository/test/Page_Tm siu th  Tm a ch  Big C Supercenter/h5_Big C  NNG&amp;apos; is: &amp;apos;Big C ĐÀ NẴNG&amp;apos;</message>
  <nestedLevel>2</nestedLevel>
  <escapedJava>false</escapedJava>
</record>
<record>
  <date>2021-01-30T10:14:07</date>
  <millis>1611976447770</millis>
  <sequence>357</sequence>
  <level>PASSED</level>
  <class>com.kms.katalon.core.logging.XmlKeywordLogger</class>
  <method>logMessage</method>
  <thread>1</thread>
  <message>Text of object &amp;apos;Object Repository/test/Page_Tm siu th  Tm a ch  Big C Supercenter/p_Khu thng Mi Vnh Trung, 255-257 Hng Vng, Q_092fcc&amp;apos; is: &amp;apos;Khu thương Mại Vĩnh Trung, 255-257 Hùng Vương, Quận Thanh Khê, TP. Đà Nẵng&amp;apos;</message>
  <nestedLevel>2</nestedLevel>
  <escapedJava>false</escapedJava>
</record>
<record>
  <date>2021-01-30T10:14:08</date>
  <millis>1611976448089</millis>
  <sequence>366</sequence>
  <level>PASSED</level>
  <class>com.kms.katalon.core.logging.XmlKeywordLogger</class>
  <method>logMessage</method>
  <thread>1</thread>
  <message>Text of object &amp;apos;Object Repository/test/Page_Tm siu th  Tm a ch  Big C Supercenter/h5_Big C HU&amp;apos; is: &amp;apos;Big C HUẾ&amp;apos;</message>
  <nestedLevel>2</nestedLevel>
  <escapedJava>false</escapedJava>
</record>
<record>
  <date>2021-01-30T10:14:08</date>
  <millis>1611976448381</millis>
  <sequence>375</sequence>
  <level>PASSED</level>
  <class>com.kms.katalon.core.logging.XmlKeywordLogger</class>
  <method>logMessage</method>
  <thread>1</thread>
  <message>Text of object &amp;apos;Object Repository/test/Page_Tm siu th  Tm a ch  Big C Supercenter/p_174 B Triu, Phng Ph Hi, TP. Hu, Tnh Tha Thin Hu&amp;apos; is: &amp;apos;174 Bà Triệu, Phường Phú Hội, TP. Huế, Tỉnh Thừa Thiên Huế&amp;apos;</message>
  <nestedLevel>2</nestedLevel>
  <escapedJava>false</escapedJava>
</record>
<record>
  <date>2021-01-30T10:14:08</date>
  <millis>1611976448664</millis>
  <sequence>384</sequence>
  <level>PASSED</level>
  <class>com.kms.katalon.core.logging.XmlKeywordLogger</class>
  <method>logMessage</method>
  <thread>1</thread>
  <message>Text of object &amp;apos;Object Repository/test/Page_Tm siu th  Tm a ch  Big C Supercenter/h5_GO NHA TRANG&amp;apos; is: &amp;apos;GO! NHA TRANG&amp;apos;</message>
  <nestedLevel>2</nestedLevel>
  <escapedJava>false</escapedJava>
</record>
<record>
  <date>2021-01-30T10:14:08</date>
  <millis>1611976448959</millis>
  <sequence>393</sequence>
  <level>PASSED</level>
  <class>com.kms.katalon.core.logging.XmlKeywordLogger</class>
  <method>logMessage</method>
  <thread>1</thread>
  <message>Text of object &amp;apos;Object Repository/test/Page_Tm siu th  Tm a ch  Big C Supercenter/p_L s 4, ng 195, Khu  th Vnh im Trung, X Vn_ac84f4&amp;apos; is: &amp;apos;Lô số 4, đường 19/5, Khu đô thị Vĩnh Điềm Trung, Xã Vĩnh Hiệp, TP Nha Trang, Tỉnh Khánh Hòa&amp;apos;</message>
  <nestedLevel>2</nestedLevel>
  <escapedJava>false</escapedJava>
</record>
<record>
  <date>2021-01-30T10:14:09</date>
  <millis>1611976449360</millis>
  <sequence>402</sequence>
  <level>PASSED</level>
  <class>com.kms.katalon.core.logging.XmlKeywordLogger</class>
  <method>logMessage</method>
  <thread>1</thread>
  <message>Text of object &amp;apos;Object Repository/test/Page_Tm siu th  Tm a ch  Big C Supercenter/h5_Big C QUY NHN&amp;apos; is: &amp;apos;Big C QUY NHƠN&amp;apos;</message>
  <nestedLevel>2</nestedLevel>
  <escapedJava>false</escapedJava>
</record>
<record>
  <date>2021-01-30T10:14:09</date>
  <millis>1611976449642</millis>
  <sequence>411</sequence>
  <level>PASSED</level>
  <class>com.kms.katalon.core.logging.XmlKeywordLogger</class>
  <method>logMessage</method>
  <thread>1</thread>
  <message>Text of object &amp;apos;Object Repository/test/Page_Tm siu th  Tm a ch  Big C Supercenter/p_TTTM Kim Cc, Khu  th Xanh Vng Chua, Phng _153ac7&amp;apos; is: &amp;apos;TTTM Kim Cúc, Khu đô thị Xanh Vũng Chua, Phường Ghềnh Ráng, TP. Quy Nhơn, Tỉnh Bình Định&amp;apos;</message>
  <nestedLevel>2</nestedLevel>
  <escapedJava>false</escapedJava>
</record>
<record>
  <date>2021-01-30T10:14:10</date>
  <millis>1611976450457</millis>
  <sequence>413</sequence>
  <level>PASSED</level>
  <class>com.kms.katalon.core.logging.XmlKeywordLogger</class>
  <method>logMessage</method>
  <thread>1</thread>
  <message>Browser is closed</message>
  <nestedLevel>2</nestedLevel>
  <escapedJava>false</escapedJava>
</record>
<record>
  <date>2021-01-30T10:14:10</date>
  <millis>1611976450458</millis>
  <sequence>414</sequence>
  <level>PASSED</level>
  <class>com.kms.katalon.core.logging.XmlKeywordLogger</class>
  <method>logMessage</method>
  <thread>1</thread>
  <message>I verify Da Nang address Big C ĐÀ NẴNG by Khu thương Mại Vĩnh Trung, 255-257 Hùng Vương, Quận Thanh Khê, TP. Đà Nẵng and Hue address Big C HUẾ by 174 Bà Triệu, Phường Phú Hội, TP. Huế, Tỉnh Thừa Thiên Huế  and Nha Trang address GO! NHA TRANG by Lô số 4, đường 19/5, Khu đô thị Vĩnh Điềm Trung, Xã Vĩnh Hiệp, TP Nha Trang, Tỉnh Khánh Hòa and Quy Nhon address Big C QUY NHƠN by TTTM Kim Cúc, Khu đô thị Xanh Vũng Chua, Phường Ghềnh Ráng, TP. Quy Nhơn, Tỉnh Bình Định in step</message>
  <nestedLevel>2</nestedLevel>
  <escapedJava>false</escapedJava>
</record>
<record>
  <date>2021-01-30T10:14:10</date>
  <millis>1611976450458</millis>
  <sequence>415</sequence>
  <level>END</level>
  <class>com.kms.katalon.core.logging.XmlKeywordLogger</class>
  <method>endKeyword</method>
  <thread>1</thread>
  <message>End End action : I verify Da Nang address Big C ĐÀ NẴNG by Khu thương Mại Vĩnh Trung, 255-257 Hùng Vương, Quận Thanh Khê, TP. Đà Nẵng and Hue address Big C HUẾ by 174 Bà Triệu, Phường Phú Hội, TP. Huế, Tỉnh Thừa Thiên Huế  and Nha Trang address GO! NHA TRANG by Lô số 4, đường 19/5, Khu đô thị Vĩnh Điềm Trung, Xã Vĩnh Hiệp, TP Nha Trang, Tỉnh Khánh Hòa and Quy Nhon address Big C QUY NHƠN by TTTM Kim Cúc, Khu đô thị Xanh Vũng Chua, Phường Ghềnh Ráng, TP. Quy Nhơn, Tỉnh Bình Định in step</message>
  <nestedLevel>2</nestedLevel>
  <escapedJava>false</escapedJava>
  <property name="BDD_STEP_DURATION">3969206000</property>
  <property name="BDD_STEP_STATUS">passed</property>
</record>
<record>
  <date>2021-01-30T10:14:10</date>
  <millis>1611976450458</millis>
  <sequence>416</sequence>
  <level>PASSED</level>
  <class>com.kms.katalon.core.logging.XmlKeywordLogger</class>
  <method>logMessage</method>
  <thread>1</thread>
  <message>SCENARIO Mien Trung</message>
  <nestedLevel>2</nestedLevel>
  <escapedJava>false</escapedJava>
</record>
<record>
  <date>2021-01-30T10:14:10</date>
  <millis>1611976450458</millis>
  <sequence>417</sequence>
  <level>END</level>
  <class>com.kms.katalon.core.logging.XmlKeywordLogger</class>
  <method>endTest</method>
  <thread>1</thread>
  <message>End Test Case : SCENARIO Mien Trung</message>
  <nestedLevel>1</nestedLevel>
  <escapedJava>false</escapedJava>
</record>
<record>
  <date>2021-01-30T10:14:10</date>
  <millis>1611976450502</millis>
  <sequence>418</sequence>
  <level>PASSED</level>
  <class>com.kms.katalon.core.logging.XmlKeywordLogger</class>
  <method>logMessage</method>
  <thread>1</thread>
  <message>Feature file: &amp;apos;Include/features/FindAreaBigC/MienTrungBigC.feature&amp;apos; was passed</message>
  <nestedLevel>1</nestedLevel>
  <escapedJava>false</escapedJava>
</record>
<record>
  <date>2021-01-30T10:14:10</date>
  <millis>1611976450503</millis>
  <sequence>419</sequence>
  <level>END</level>
  <class>com.kms.katalon.core.logging.XmlKeywordLogger</class>
  <method>endKeyword</method>
  <thread>1</thread>
  <message>End action : runFeatureFile(&amp;quot;Include/features/FindAreaBigC/MienTrungBigC.feature&amp;quot;)</message>
  <nestedLevel>1</nestedLevel>
  <escapedJava>false</escapedJava>
</record>
<record>
  <date>2021-01-30T10:14:10</date>
  <millis>1611976450503</millis>
  <sequence>420</sequence>
  <level>PASSED</level>
  <class>com.kms.katalon.core.logging.XmlKeywordLogger</class>
  <method>logMessage</method>
  <thread>1</thread>
  <message>Test Cases/FindAreaBigC/TestMienTrungBigC</message>
  <nestedLevel>1</nestedLevel>
  <escapedJava>false</escapedJava>
</record>
<record>
  <date>2021-01-30T10:14:10</date>
  <millis>1611976450503</millis>
  <sequence>421</sequence>
  <level>END</level>
  <class>com.kms.katalon.core.logging.XmlKeywordLogger</class>
  <method>endTest</method>
  <thread>1</thread>
  <message>End Test Case : Test Cases/FindAreaBigC/TestMienTrungBigC</message>
  <nestedLevel>0</nestedLevel>
  <escapedJava>false</escapedJava>
</record>
<record>
  <date>2021-01-30T10:14:10</date>
  <millis>1611976450504</millis>
  <sequence>422</sequence>
  <level>START</level>
  <class>com.kms.katalon.core.logging.XmlKeywordLogger</class>
  <method>startKeyword</method>
  <thread>1</thread>
  <message>Start listener action : exportKatalonReports</message>
  <nestedLevel>0</nestedLevel>
  <escapedJava>false</escapedJava>
</record>
<record>
  <date>2021-01-30T10:14:10</date>
  <millis>1611976450654</millis>
  <sequence>698</sequence>
  <level>INFO</level>
  <class>com.kms.katalon.core.logging.XmlKeywordLogger</class>
  <method>logMessage</method>
  <thread>1</thread>
  <message>Start generating HTML report folder at: C:\Users\PNV\git\BigC_KatalonGit\BigC_KatalonGit\BigC_KatalonGit\BigC_KatalonGit\Reports\20210130_101320\FindAreaBigC\20210130_101320...</message>
  <nestedLevel>0</nestedLevel>
  <escapedJava>false</escapedJava>
</record>
<record>
  <date>2021-01-30T10:14:10</date>
  <millis>1611976450692</millis>
  <sequence>699</sequence>
  <level>INFO</level>
  <class>com.kms.katalon.core.logging.XmlKeywordLogger</class>
  <method>logMessage</method>
  <thread>1</thread>
  <message>HTML report generated</message>
  <nestedLevel>0</nestedLevel>
  <escapedJava>false</escapedJava>
</record>
<record>
  <date>2021-01-30T10:14:10</date>
  <millis>1611976450692</millis>
  <sequence>700</sequence>
  <level>INFO</level>
  <class>com.kms.katalon.core.logging.XmlKeywordLogger</class>
  <method>logMessage</method>
  <thread>1</thread>
  <message>Start generating CSV report folder at: C:\Users\PNV\git\BigC_KatalonGit\BigC_KatalonGit\BigC_KatalonGit\BigC_KatalonGit\Reports\20210130_101320\FindAreaBigC\20210130_101320...</message>
  <nestedLevel>0</nestedLevel>
  <escapedJava>false</escapedJava>
</record>
<record>
  <date>2021-01-30T10:14:10</date>
  <millis>1611976450714</millis>
  <sequence>701</sequence>
  <level>INFO</level>
  <class>com.kms.katalon.core.logging.XmlKeywordLogger</class>
  <method>logMessage</method>
  <thread>1</thread>
  <message>CSV report generated</message>
  <nestedLevel>0</nestedLevel>
  <escapedJava>false</escapedJava>
</record>
<record>
  <date>2021-01-30T10:14:10</date>
  <millis>1611976450715</millis>
  <sequence>703</sequence>
  <level>END</level>
  <class>com.kms.katalon.core.logging.XmlKeywordLogger</class>
  <method>endKeyword</method>
  <thread>1</thread>
  <message>End listener action : exportKatalonReports</message>
  <nestedLevel>0</nestedLevel>
  <escapedJava>false</escapedJava>
</record>
</log><?xml version="1.0" encoding="UTF-8" standalone="no"?>
<!DOCTYPE log SYSTEM "logger.dtd">
<log>
<record>
  <date>2021-01-30T10:51:36</date>
  <millis>1611978696274</millis>
  <sequence>776</sequence>
  <level>INFO</level>
  <class>com.kms.katalon.core.logging.XmlKeywordLogger</class>
  <method>logMessage</method>
  <thread>1</thread>
  <message>Finding test data with id &amp;apos;Data Files/Login/LoginData&amp;apos;</message>
  <nestedLevel>0</nestedLevel>
  <escapedJava>false</escapedJava>
</record>
<record>
  <date>2021-01-30T10:51:36</date>
  <millis>1611978696306</millis>
  <sequence>777</sequence>
  <level>INFO</level>
  <class>com.kms.katalon.core.logging.XmlKeywordLogger</class>
  <method>logMessage</method>
  <thread>1</thread>
  <message>Test data is excel file, reading excel file</message>
  <nestedLevel>0</nestedLevel>
  <escapedJava>false</escapedJava>
</record>
<record>
  <date>2021-01-30T10:51:36</date>
  <millis>1611978696306</millis>
  <sequence>778</sequence>
  <level>INFO</level>
  <class>com.kms.katalon.core.logging.XmlKeywordLogger</class>
  <method>logMessage</method>
  <thread>1</thread>
  <message>Reading excel file with source file &amp;apos;C:\Users\PNV\Desktop\kms\Katalon\BigC_LoginData.xlsx&amp;apos; and sheet name &amp;apos;Sheet1&amp;apos;</message>
  <nestedLevel>0</nestedLevel>
  <escapedJava>false</escapedJava>
</record>
